<?xml version="1.0" encoding="UTF-8"?>
<testsuite name="com.bot.AppTest" tests="1" skipped="0" failures="0" errors="0" timestamp="2021-11-18T17:45:34" hostname="Leon-358522" time="0.007">
  <properties/>
  <testcase name="testApp()" classname="com.bot.AppTest" time="0.007"/>
  <system-out><![CDATA[]]></system-out>
  <system-err><![CDATA[]]></system-err>
</testsuite>
